24-12-20 17:12:12.672 [restartedMain] INFO  c.A.JournalApp.JournalAppApplication -Starting JournalAppApplication using Java 23.0.1 with PID 5128 (C:\Siddharth\JournalApp\build\classes\java\main started by APP231 in C:\Siddharth\JournalApp) 
24-12-20 17:12:12.674 [restartedMain] INFO  c.A.JournalApp.JournalAppApplication -The following 1 profile is active: "dev" 
24-12-20 17:12:12.734 [restartedMain] INFO  o.s.b.d.e.DevToolsPropertyDefaultsPostProcessor -Devtools property defaults active! Set 'spring.devtools.add-properties' to 'false' to disable 
24-12-20 17:12:12.734 [restartedMain] INFO  o.s.b.d.e.DevToolsPropertyDefaultsPostProcessor -For additional web related logging consider setting the 'logging.level.web' property to 'DEBUG' 
24-12-20 17:12:13.489 [restartedMain] INFO  o.s.d.r.c.RepositoryConfigurationDelegate -Bootstrapping Spring Data MongoDB repositories in DEFAULT mode. 
24-12-20 17:12:13.560 [restartedMain] INFO  o.s.d.r.c.RepositoryConfigurationDelegate -Finished Spring Data repository scanning in 65 ms. Found 2 MongoDB repository interfaces. 
24-12-20 17:12:14.150 [restartedMain] INFO  o.s.b.w.e.tomcat.TomcatWebServer -Tomcat initialized with port 8080 (http) 
24-12-20 17:12:14.161 [restartedMain] INFO  o.a.coyote.http11.Http11NioProtocol -Initializing ProtocolHandler ["http-nio-8080"] 
24-12-20 17:12:14.166 [restartedMain] INFO  o.a.catalina.core.StandardService -Starting service [Tomcat] 
24-12-20 17:12:14.166 [restartedMain] INFO  o.a.catalina.core.StandardEngine -Starting Servlet engine: [Apache Tomcat/10.1.31] 
24-12-20 17:12:14.210 [restartedMain] INFO  o.a.c.c.C.[Tomcat].[localhost].[/] -Initializing Spring embedded WebApplicationContext 
24-12-20 17:12:14.211 [restartedMain] INFO  o.s.b.w.s.c.ServletWebServerApplicationContext -Root WebApplicationContext: initialization completed in 1473 ms 
24-12-20 17:12:14.461 [cluster-ClusterId{value='6765604acb0d006e9049e1b4', description='Cluster0'}-srv-cluster0.2mtww.mongodb.net] INFO  org.mongodb.driver.cluster -Adding discovered server cluster0-shard-00-02.2mtww.mongodb.net:27017 to client view of cluster 
24-12-20 17:12:14.478 [restartedMain] INFO  org.mongodb.driver.client -MongoClient with metadata {"application": {"name": "Cluster0"}, "driver": {"name": "mongo-java-driver|sync|spring-boot", "version": "5.0.1"}, "os": {"type": "Windows", "name": "Windows 11", "architecture": "amd64", "version": "10.0"}, "platform": "Java/Oracle Corporation/23.0.1+11-39"} created with settings MongoClientSettings{readPreference=primary, writeConcern=WriteConcern{w=majority, wTimeout=null ms, journal=null}, retryWrites=true, retryReads=true, readConcern=ReadConcern{level=null}, credential=MongoCredential{mechanism=null, userName='Siddharth', source='admin', password=<hidden>, mechanismProperties=<hidden>}, transportSettings=null, commandListeners=[], codecRegistry=ProvidersCodecRegistry{codecProviders=[ValueCodecProvider{}, BsonValueCodecProvider{}, DBRefCodecProvider{}, DBObjectCodecProvider{}, DocumentCodecProvider{}, CollectionCodecProvider{}, IterableCodecProvider{}, MapCodecProvider{}, GeoJsonCodecProvider{}, GridFSFileCodecProvider{}, Jsr310CodecProvider{}, JsonObjectCodecProvider{}, BsonCodecProvider{}, EnumCodecProvider{}, com.mongodb.client.model.mql.ExpressionCodecProvider@71bf6cc2, com.mongodb.Jep395RecordCodecProvider@4c2b53a6, com.mongodb.KotlinCodecProvider@2ce30127]}, loggerSettings=LoggerSettings{maxDocumentLength=1000}, clusterSettings={hosts=[127.0.0.1:27017], srvHost=cluster0.2mtww.mongodb.net, srvServiceName=mongodb, mode=MULTIPLE, requiredClusterType=REPLICA_SET, requiredReplicaSetName='atlas-cu8go4-shard-0', serverSelector='null', clusterListeners='[]', serverSelectionTimeout='30000 ms', localThreshold='15 ms'}, socketSettings=SocketSettings{connectTimeoutMS=10000, readTimeoutMS=0, receiveBufferSize=0, proxySettings=ProxySettings{host=null, port=null, username=null, password=null}}, heartbeatSocketSettings=SocketSettings{connectTimeoutMS=10000, readTimeoutMS=10000, receiveBufferSize=0, proxySettings=ProxySettings{host=null, port=null, username=null, password=null}}, connectionPoolSettings=ConnectionPoolSettings{maxSize=100, minSize=0, maxWaitTimeMS=120000, maxConnectionLifeTimeMS=0, maxConnectionIdleTimeMS=0, maintenanceInitialDelayMS=0, maintenanceFrequencyMS=60000, connectionPoolListeners=[], maxConnecting=2}, serverSettings=ServerSettings{heartbeatFrequencyMS=10000, minHeartbeatFrequencyMS=500, serverListeners='[]', serverMonitorListeners='[]'}, sslSettings=SslSettings{enabled=true, invalidHostNameAllowed=false, context=null}, applicationName='Cluster0', compressorList=[], uuidRepresentation=JAVA_LEGACY, serverApi=null, autoEncryptionSettings=null, dnsClient=null, inetAddressResolver=null, contextProvider=null} 
24-12-20 17:12:14.497 [cluster-ClusterId{value='6765604acb0d006e9049e1b4', description='Cluster0'}-srv-cluster0.2mtww.mongodb.net] INFO  org.mongodb.driver.cluster -Adding discovered server cluster0-shard-00-01.2mtww.mongodb.net:27017 to client view of cluster 
24-12-20 17:12:14.501 [cluster-ClusterId{value='6765604acb0d006e9049e1b4', description='Cluster0'}-srv-cluster0.2mtww.mongodb.net] INFO  org.mongodb.driver.cluster -Adding discovered server cluster0-shard-00-00.2mtww.mongodb.net:27017 to client view of cluster 
24-12-20 17:12:14.716 [restartedMain] INFO  o.s.b.d.a.OptionalLiveReloadServer -LiveReload server is running on port 35729 
24-12-20 17:12:14.892 [restartedMain] INFO  org.mongodb.driver.cluster -Waiting for server to become available for operation with ID 7. Remaining time: 30000 ms. Selector: WritableServerSelector, topology description: {type=REPLICA_SET, servers=[{address=cluster0-shard-00-00.2mtww.mongodb.net:27017, type=UNKNOWN, state=CONNECTING}, {address=cluster0-shard-00-02.2mtww.mongodb.net:27017, type=UNKNOWN, state=CONNECTING}, {address=cluster0-shard-00-01.2mtww.mongodb.net:27017, type=UNKNOWN, state=CONNECTING}]. 
24-12-20 17:12:15.044 [cluster-ClusterId{value='6765604acb0d006e9049e1b4', description='Cluster0'}-cluster0-shard-00-01.2mtww.mongodb.net:27017] INFO  org.mongodb.driver.cluster -Monitor thread successfully connected to server with description ServerDescription{address=cluster0-shard-00-01.2mtww.mongodb.net:27017, type=REPLICA_SET_SECONDARY, state=CONNECTED, ok=true, minWireVersion=0, maxWireVersion=25, maxDocumentSize=16777216, logicalSessionTimeoutMinutes=30, roundTripTimeNanos=318928300, setName='atlas-cu8go4-shard-0', canonicalAddress=cluster0-shard-00-01.2mtww.mongodb.net:27017, hosts=[cluster0-shard-00-02.2mtww.mongodb.net:27017, cluster0-shard-00-00.2mtww.mongodb.net:27017, cluster0-shard-00-01.2mtww.mongodb.net:27017], passives=[], arbiters=[], primary='cluster0-shard-00-02.2mtww.mongodb.net:27017', tagSet=TagSet{[Tag{name='availabilityZone', value='aps1-az3'}, Tag{name='diskState', value='READY'}, Tag{name='nodeType', value='ELECTABLE'}, Tag{name='provider', value='AWS'}, Tag{name='region', value='AP_SOUTH_1'}, Tag{name='workloadType', value='OPERATIONAL'}]}, electionId=null, setVersion=1, topologyVersion=TopologyVersion{processId=6759a9e27e4f6acc6fa66fbe, counter=3}, lastWriteDate=Fri Dec 20 17:46:17 IST 2024, lastUpdateTimeNanos=27519729462300} 
24-12-20 17:12:15.044 [cluster-ClusterId{value='6765604acb0d006e9049e1b4', description='Cluster0'}-cluster0-shard-00-00.2mtww.mongodb.net:27017] INFO  org.mongodb.driver.cluster -Monitor thread successfully connected to server with description ServerDescription{address=cluster0-shard-00-00.2mtww.mongodb.net:27017, type=REPLICA_SET_SECONDARY, state=CONNECTED, ok=true, minWireVersion=0, maxWireVersion=25, maxDocumentSize=16777216, logicalSessionTimeoutMinutes=30, roundTripTimeNanos=318902700, setName='atlas-cu8go4-shard-0', canonicalAddress=cluster0-shard-00-00.2mtww.mongodb.net:27017, hosts=[cluster0-shard-00-02.2mtww.mongodb.net:27017, cluster0-shard-00-00.2mtww.mongodb.net:27017, cluster0-shard-00-01.2mtww.mongodb.net:27017], passives=[], arbiters=[], primary='cluster0-shard-00-02.2mtww.mongodb.net:27017', tagSet=TagSet{[Tag{name='availabilityZone', value='aps1-az1'}, Tag{name='diskState', value='READY'}, Tag{name='nodeType', value='ELECTABLE'}, Tag{name='provider', value='AWS'}, Tag{name='region', value='AP_SOUTH_1'}, Tag{name='workloadType', value='OPERATIONAL'}]}, electionId=null, setVersion=1, topologyVersion=TopologyVersion{processId=6759a971f6a3d5b51392fe40, counter=4}, lastWriteDate=Fri Dec 20 17:46:17 IST 2024, lastUpdateTimeNanos=27519729462300} 
24-12-20 17:12:15.044 [cluster-ClusterId{value='6765604acb0d006e9049e1b4', description='Cluster0'}-cluster0-shard-00-02.2mtww.mongodb.net:27017] INFO  org.mongodb.driver.cluster -Monitor thread successfully connected to server with description ServerDescription{address=cluster0-shard-00-02.2mtww.mongodb.net:27017, type=REPLICA_SET_PRIMARY, state=CONNECTED, ok=true, minWireVersion=0, maxWireVersion=25, maxDocumentSize=16777216, logicalSessionTimeoutMinutes=30, roundTripTimeNanos=318909700, setName='atlas-cu8go4-shard-0', canonicalAddress=cluster0-shard-00-02.2mtww.mongodb.net:27017, hosts=[cluster0-shard-00-02.2mtww.mongodb.net:27017, cluster0-shard-00-00.2mtww.mongodb.net:27017, cluster0-shard-00-01.2mtww.mongodb.net:27017], passives=[], arbiters=[], primary='cluster0-shard-00-02.2mtww.mongodb.net:27017', tagSet=TagSet{[Tag{name='availabilityZone', value='aps1-az2'}, Tag{name='diskState', value='READY'}, Tag{name='nodeType', value='ELECTABLE'}, Tag{name='provider', value='AWS'}, Tag{name='region', value='AP_SOUTH_1'}, Tag{name='workloadType', value='OPERATIONAL'}]}, electionId=7fffffff0000000000000031, setVersion=1, topologyVersion=TopologyVersion{processId=6759a9aa06bb20b387eb728c, counter=6}, lastWriteDate=Fri Dec 20 17:46:17 IST 2024, lastUpdateTimeNanos=27519729462300} 
24-12-20 17:12:15.052 [cluster-ClusterId{value='6765604acb0d006e9049e1b4', description='Cluster0'}-cluster0-shard-00-02.2mtww.mongodb.net:27017] INFO  org.mongodb.driver.cluster -Discovered replica set primary cluster0-shard-00-02.2mtww.mongodb.net:27017 with max election id 7fffffff0000000000000031 and max set version 1 
24-12-20 17:12:15.467 [restartedMain] WARN  o.s.s.c.a.a.c.InitializeUserDetailsBeanManagerConfigurer$InitializeUserDetailsManagerConfigurer -Global AuthenticationManager configured with an AuthenticationProvider bean. UserDetailsService beans will not be used for username/password login. Consider removing the AuthenticationProvider bean. Alternatively, consider using the UserDetailsService in a manually instantiated DaoAuthenticationProvider. 
24-12-20 17:12:15.931 [restartedMain] INFO  o.a.coyote.http11.Http11NioProtocol -Starting ProtocolHandler ["http-nio-8080"] 
24-12-20 17:12:15.943 [restartedMain] INFO  o.s.b.w.e.tomcat.TomcatWebServer -Tomcat started on port 8080 (http) with context path '/' 
24-12-20 17:12:15.952 [restartedMain] INFO  c.A.JournalApp.JournalAppApplication -Started JournalAppApplication in 3.713 seconds (process running for 4.345) 
24-12-20 17:12:30.973 [http-nio-8080-exec-1] INFO  o.a.c.c.C.[Tomcat].[localhost].[/] -Initializing Spring DispatcherServlet 'dispatcherServlet' 
24-12-20 17:12:30.974 [http-nio-8080-exec-1] INFO  o.s.web.servlet.DispatcherServlet -Initializing Servlet 'dispatcherServlet' 
24-12-20 17:12:30.975 [http-nio-8080-exec-1] INFO  o.s.web.servlet.DispatcherServlet -Completed initialization in 1 ms 
24-12-20 17:12:57.458 [restartedMain] ERROR o.s.boot.SpringApplication -Application run failed 
java.lang.IllegalStateException: java.lang.IllegalStateException: Logback configuration error detected: 
ERROR in ch.qos.logback.core.rolling.SizeAndTimeBasedFileNamingAndTriggeringPolicy@27c77df9 - Missing integer token, that is %i, in FileNamePattern [journalApp-%d{yyyy-MM-dd_HH}.log]
ERROR in ch.qos.logback.core.rolling.SizeAndTimeBasedFileNamingAndTriggeringPolicy@27c77df9 - See also http://logback.qos.ch/codes.html#sat_missing_integer_token
	at org.springframework.boot.context.logging.LoggingApplicationListener.initializeSystem(LoggingApplicationListener.java:347)
	at org.springframework.boot.context.logging.LoggingApplicationListener.initialize(LoggingApplicationListener.java:298)
	at org.springframework.boot.context.logging.LoggingApplicationListener.onApplicationEnvironmentPreparedEvent(LoggingApplicationListener.java:246)
	at org.springframework.boot.context.logging.LoggingApplicationListener.onApplicationEvent(LoggingApplicationListener.java:223)
	at org.springframework.context.event.SimpleApplicationEventMulticaster.doInvokeListener(SimpleApplicationEventMulticaster.java:185)
	at org.springframework.context.event.SimpleApplicationEventMulticaster.invokeListener(SimpleApplicationEventMulticaster.java:178)
	at org.springframework.context.event.SimpleApplicationEventMulticaster.multicastEvent(SimpleApplicationEventMulticaster.java:156)
	at org.springframework.context.event.SimpleApplicationEventMulticaster.multicastEvent(SimpleApplicationEventMulticaster.java:138)
	at org.springframework.boot.context.event.EventPublishingRunListener.multicastInitialEvent(EventPublishingRunListener.java:136)
	at org.springframework.boot.context.event.EventPublishingRunListener.environmentPrepared(EventPublishingRunListener.java:81)
	at org.springframework.boot.SpringApplicationRunListeners.lambda$environmentPrepared$2(SpringApplicationRunListeners.java:64)
	at java.base/java.lang.Iterable.forEach(Iterable.java:75)
	at org.springframework.boot.SpringApplicationRunListeners.doWithListeners(SpringApplicationRunListeners.java:118)
	at org.springframework.boot.SpringApplicationRunListeners.doWithListeners(SpringApplicationRunListeners.java:112)
	at org.springframework.boot.SpringApplicationRunListeners.environmentPrepared(SpringApplicationRunListeners.java:63)
	at org.springframework.boot.SpringApplication.prepareEnvironment(SpringApplication.java:370)
	at org.springframework.boot.SpringApplication.run(SpringApplication.java:330)
	at org.springframework.boot.SpringApplication.run(SpringApplication.java:1363)
	at org.springframework.boot.SpringApplication.run(SpringApplication.java:1352)
	at com.AsiaAutmation.JournalApp.JournalAppApplication.main(JournalAppApplication.java:18)
	at java.base/jdk.internal.reflect.DirectMethodHandleAccessor.invoke(DirectMethodHandleAccessor.java:103)
	at java.base/java.lang.reflect.Method.invoke(Method.java:580)
	at org.springframework.boot.devtools.restart.RestartLauncher.run(RestartLauncher.java:50)
Caused by: java.lang.IllegalStateException: Logback configuration error detected: 
ERROR in ch.qos.logback.core.rolling.SizeAndTimeBasedFileNamingAndTriggeringPolicy@27c77df9 - Missing integer token, that is %i, in FileNamePattern [journalApp-%d{yyyy-MM-dd_HH}.log]
ERROR in ch.qos.logback.core.rolling.SizeAndTimeBasedFileNamingAndTriggeringPolicy@27c77df9 - See also http://logback.qos.ch/codes.html#sat_missing_integer_token
	at org.springframework.boot.logging.logback.LogbackLoggingSystem.reportConfigurationErrorsIfNecessary(LogbackLoggingSystem.java:287)
	at org.springframework.boot.logging.logback.LogbackLoggingSystem.loadConfiguration(LogbackLoggingSystem.java:265)
	at org.springframework.boot.logging.logback.LogbackLoggingSystem.reinitialize(LogbackLoggingSystem.java:344)
	at org.springframework.boot.logging.AbstractLoggingSystem.initializeWithConventions(AbstractLoggingSystem.java:74)
	at org.springframework.boot.logging.AbstractLoggingSystem.initialize(AbstractLoggingSystem.java:61)
	at org.springframework.boot.logging.logback.LogbackLoggingSystem.initialize(LogbackLoggingSystem.java:196)
	at org.springframework.boot.context.logging.LoggingApplicationListener.initializeSystem(LoggingApplicationListener.java:332)
	... 22 common frames omitted
24-12-20 17:12:18.372 [restartedMain] ERROR o.s.boot.SpringApplication -Application run failed 
java.lang.IllegalStateException: java.lang.IllegalStateException: Logback configuration error detected: 
ERROR in ch.qos.logback.core.rolling.SizeAndTimeBasedFileNamingAndTriggeringPolicy@27c77df9 - Missing integer token, that is %i, in FileNamePattern [journalApp-%d{yyyy-MM-dd_HH}.log]
ERROR in ch.qos.logback.core.rolling.SizeAndTimeBasedFileNamingAndTriggeringPolicy@27c77df9 - See also http://logback.qos.ch/codes.html#sat_missing_integer_token
	at org.springframework.boot.context.logging.LoggingApplicationListener.initializeSystem(LoggingApplicationListener.java:347)
	at org.springframework.boot.context.logging.LoggingApplicationListener.initialize(LoggingApplicationListener.java:298)
	at org.springframework.boot.context.logging.LoggingApplicationListener.onApplicationEnvironmentPreparedEvent(LoggingApplicationListener.java:246)
	at org.springframework.boot.context.logging.LoggingApplicationListener.onApplicationEvent(LoggingApplicationListener.java:223)
	at org.springframework.context.event.SimpleApplicationEventMulticaster.doInvokeListener(SimpleApplicationEventMulticaster.java:185)
	at org.springframework.context.event.SimpleApplicationEventMulticaster.invokeListener(SimpleApplicationEventMulticaster.java:178)
	at org.springframework.context.event.SimpleApplicationEventMulticaster.multicastEvent(SimpleApplicationEventMulticaster.java:156)
	at org.springframework.context.event.SimpleApplicationEventMulticaster.multicastEvent(SimpleApplicationEventMulticaster.java:138)
	at org.springframework.boot.context.event.EventPublishingRunListener.multicastInitialEvent(EventPublishingRunListener.java:136)
	at org.springframework.boot.context.event.EventPublishingRunListener.environmentPrepared(EventPublishingRunListener.java:81)
	at org.springframework.boot.SpringApplicationRunListeners.lambda$environmentPrepared$2(SpringApplicationRunListeners.java:64)
	at java.base/java.lang.Iterable.forEach(Iterable.java:75)
	at org.springframework.boot.SpringApplicationRunListeners.doWithListeners(SpringApplicationRunListeners.java:118)
	at org.springframework.boot.SpringApplicationRunListeners.doWithListeners(SpringApplicationRunListeners.java:112)
	at org.springframework.boot.SpringApplicationRunListeners.environmentPrepared(SpringApplicationRunListeners.java:63)
	at org.springframework.boot.SpringApplication.prepareEnvironment(SpringApplication.java:370)
	at org.springframework.boot.SpringApplication.run(SpringApplication.java:330)
	at org.springframework.boot.SpringApplication.run(SpringApplication.java:1363)
	at org.springframework.boot.SpringApplication.run(SpringApplication.java:1352)
	at com.AsiaAutmation.JournalApp.JournalAppApplication.main(JournalAppApplication.java:18)
	at java.base/jdk.internal.reflect.DirectMethodHandleAccessor.invoke(DirectMethodHandleAccessor.java:103)
	at java.base/java.lang.reflect.Method.invoke(Method.java:580)
	at org.springframework.boot.devtools.restart.RestartLauncher.run(RestartLauncher.java:50)
Caused by: java.lang.IllegalStateException: Logback configuration error detected: 
ERROR in ch.qos.logback.core.rolling.SizeAndTimeBasedFileNamingAndTriggeringPolicy@27c77df9 - Missing integer token, that is %i, in FileNamePattern [journalApp-%d{yyyy-MM-dd_HH}.log]
ERROR in ch.qos.logback.core.rolling.SizeAndTimeBasedFileNamingAndTriggeringPolicy@27c77df9 - See also http://logback.qos.ch/codes.html#sat_missing_integer_token
	at org.springframework.boot.logging.logback.LogbackLoggingSystem.reportConfigurationErrorsIfNecessary(LogbackLoggingSystem.java:287)
	at org.springframework.boot.logging.logback.LogbackLoggingSystem.loadConfiguration(LogbackLoggingSystem.java:265)
	at org.springframework.boot.logging.logback.LogbackLoggingSystem.reinitialize(LogbackLoggingSystem.java:344)
	at org.springframework.boot.logging.AbstractLoggingSystem.initializeWithConventions(AbstractLoggingSystem.java:74)
	at org.springframework.boot.logging.AbstractLoggingSystem.initialize(AbstractLoggingSystem.java:61)
	at org.springframework.boot.logging.logback.LogbackLoggingSystem.initialize(LogbackLoggingSystem.java:196)
	at org.springframework.boot.context.logging.LoggingApplicationListener.initializeSystem(LoggingApplicationListener.java:332)
	... 22 common frames omitted
